<?xml version="1.0" encoding="UTF-8"?>
<robot generator="Robot 7.0.1 (Python 3.13.8 on win32)" generated="2025-10-23T10:43:03.741648" rpa="false" schemaversion="5">
<suite id="s1" name="Tests" source="c:\robot-tests\tests">
<kw name="New Browser" owner="Browser" type="SETUP">
<msg time="2025-10-23T10:43:03.861072" level="INFO">{"browser": "chromium", "headless": true, "chromiumSandbox": false, "devtools": false, "handleSIGHUP": true, "handleSIGINT": true, "handleSIGTERM": true, "slowMo": 0.0, "timeout": 30000.0, "tracesDir": "C:\\robot-tests\\browser\\traces\\temp\\3c434d03-fa91-4ecd-968f-486afdf1ac0a"}</msg>
<msg time="2025-10-23T10:43:03.880761" level="INFO">Starting Browser process C:\robot-tests\.venv\Lib\site-packages\Browser\wrapper\index.js using at 127.0.0.1:50374</msg>
<msg time="2025-10-23T10:43:04.820401" level="INFO">Successfully created browser with options: {"browser":"chromium","headless":true,"chromiumSandbox":false,"devtools":false,"handleSIGHUP":true,"handleSIGINT":true,"handleSIGTERM":true,"slowMo":0,"timeout":30000,"tracesDir":"C:\\robot-tests\\browser\\traces\\temp\\3c434d03-fa91-4ecd-968f-486afdf1ac0a"}</msg>
<arg>${BROWSER}</arg>
<arg>headless=${HEADLESS}</arg>
<tag>BrowserControl</tag>
<tag>Setter</tag>
<doc>Create a new playwright Browser with specified options.</doc>
<status status="PASS" start="2025-10-23T10:43:03.860209" elapsed="0.960493"/>
</kw>
<suite id="s1-s1" name="Api" source="c:\robot-tests\tests\api">
<suite id="s1-s1-s1" name="Echo" source="c:\robot-tests\tests\api\echo.robot">
<test id="s1-s1-s1-t1" name="POST /anything echoes payload" line="13">
<kw name="No Operation" owner="BuiltIn" type="SETUP">
<doc>Does absolutely nothing.</doc>
<status status="PASS" start="2025-10-23T10:43:04.895280" elapsed="0.000162"/>
</kw>
<kw name="Create API Session" owner="RestClient">
<kw name="Create Session" owner="RequestsLibrary">
<msg time="2025-10-23T10:43:04.897077" level="INFO">Creating Session using : alias=api, url=https://httpbin.org, headers={},                     cookies={}, auth=None, timeout=10, proxies=None, verify=True,                     debug=0 </msg>
<arg>${alias}</arg>
<arg>${base_url}</arg>
<arg>headers=${headers}</arg>
<arg>timeout=${DEFAULT_TIMEOUT}</arg>
<arg>verify=${VERIFY_TLS}</arg>
<doc>Create Session: create a HTTP session to a server</doc>
<status status="PASS" start="2025-10-23T10:43:04.896579" elapsed="0.000952"/>
</kw>
<arg>api</arg>
<arg>${BASE_URL}</arg>
<status status="PASS" start="2025-10-23T10:43:04.896286" elapsed="0.001359"/>
</kw>
<kw name="Create Dictionary" owner="BuiltIn">
<msg time="2025-10-23T10:43:04.898377" level="INFO">${payload} = {'hello': 'world', 'answer': '42'}</msg>
<var>${payload}</var>
<arg>hello=world</arg>
<arg>answer=42</arg>
<doc>Creates and returns a dictionary based on the given ``items``.</doc>
<status status="PASS" start="2025-10-23T10:43:04.898096" elapsed="0.000561"/>
</kw>
<kw name="POST JSON" owner="RestClient">
<kw name="POST On Session" owner="RequestsLibrary">
<msg time="2025-10-23T10:43:05.803799" level="INFO">POST Request : url=https://httpbin.org/anything 
 path_url=/anything 
 headers={'User-Agent': 'python-requests/2.32.5', 'Accept-Encoding': 'gzip, deflate', 'Accept': '*/*', 'Connection': 'keep-alive', 'Content-Length': '34', 'Content-Type': 'application/json'} 
 body=b'{"hello": "world", "answer": "42"}' 
 </msg>
<msg time="2025-10-23T10:43:05.804002" level="INFO">POST Response : url=https://httpbin.org/anything 
 status=200, reason=OK 
 headers={'Date': 'Thu, 23 Oct 2025 08:43:05 GMT', 'Content-Type': 'application/json', 'Content-Length': '551', 'Connection': 'keep-alive', 'Server': 'gunicorn/19.9.0', 'Access-Control-Allow-Origin': '*', 'Access-Control-Allow-Credentials': 'true'} 
 body={
  "args": {}, 
  "data": "{\"hello\": \"world\", \"answer\": \"42\"}", 
  "files": {}, 
  "form": {}, 
  "headers": {
    "Accept": "*/*", 
    "Accept-Encoding": "gzip, deflate", 
    "Content-Length": "34", 
    "Content-Type": "application/json", 
    "Host": "httpbin.org", 
    "User-Agent": "python-requests/2.32.5", 
    "X-Amzn-Trace-Id": "Root=1-68f9ea99-75551a5d0295beed29ee4e57"
  }, 
  "json": {
    "answer": "42", 
    "hello": "world"
  }, 
  "method": "POST", 
  "origin": "109.235.33.80", 
  "url": "https://httpbin.org/anything"
}
 
 </msg>
<msg time="2025-10-23T10:43:05.804143" level="INFO">${resp} = &lt;Response [200]&gt;</msg>
<var>${resp}</var>
<arg>${alias}</arg>
<arg>${path}</arg>
<arg>json=${payload}</arg>
<doc>Sends a POST request on a previously created HTTP Session.</doc>
<status status="PASS" start="2025-10-23T10:43:04.900086" elapsed="0.904115"/>
</kw>
<kw name="Should Be Equal As Integers" owner="BuiltIn">
<msg time="2025-10-23T10:43:05.804796" level="INFO">Argument types are:
&lt;class 'int'&gt;
&lt;class 'str'&gt;</msg>
<arg>${resp.status_code}</arg>
<arg>${expected_status}</arg>
<doc>Fails if objects are unequal after converting them to integers.</doc>
<status status="PASS" start="2025-10-23T10:43:05.804345" elapsed="0.000570"/>
</kw>
<kw name="Call Method" owner="BuiltIn">
<msg time="2025-10-23T10:43:05.805213" level="INFO">${data} = {'args': {}, 'data': '{"hello": "world", "answer": "42"}', 'files': {}, 'form': {}, 'headers': {'Accept': '*/*', 'Accept-Encoding': 'gzip, deflate', 'Content-Length': '34', 'Content-Type': 'applicatio...</msg>
<var>${data}</var>
<arg>${resp}</arg>
<arg>json</arg>
<doc>Calls the named method of the given object with the provided arguments.</doc>
<status status="PASS" start="2025-10-23T10:43:05.805036" elapsed="0.000240"/>
</kw>
<return>
<value>${data}</value>
<status status="PASS" start="2025-10-23T10:43:05.805343" elapsed="0.000076"/>
</return>
<msg time="2025-10-23T10:43:05.805548" level="INFO">${out} = {'args': {}, 'data': '{"hello": "world", "answer": "42"}', 'files': {}, 'form': {}, 'headers': {'Accept': '*/*', 'Accept-Encoding': 'gzip, deflate', 'Content-Length': '34', 'Content-Type': 'applicatio...</msg>
<var>${out}</var>
<arg>api</arg>
<arg>/anything</arg>
<arg>${payload}</arg>
<arg>200</arg>
<status status="PASS" start="2025-10-23T10:43:04.899481" elapsed="0.906133"/>
</kw>
<kw name="Dictionary Should Contain Item" owner="Collections">
<arg>${out}[json]</arg>
<arg>hello</arg>
<arg>world</arg>
<doc>An item of ``key`` / ``value`` must be found in a ``dictionary``.</doc>
<status status="PASS" start="2025-10-23T10:43:05.806216" elapsed="0.000204"/>
</kw>
<status status="PASS" start="2025-10-23T10:43:04.894629" elapsed="0.912282"/>
</test>
<status status="PASS" start="2025-10-23T10:43:04.823169" elapsed="0.985176"/>
</suite>
<status status="PASS" start="2025-10-23T10:43:04.820926" elapsed="0.989024"/>
</suite>
<kw name="Close Browser" owner="Browser" type="TEARDOWN">
<msg time="2025-10-23T10:43:05.848498" level="INFO">Closed browser</msg>
<tag>BrowserControl</tag>
<tag>Setter</tag>
<doc>Closes the current browser.</doc>
<status status="PASS" start="2025-10-23T10:43:05.811148" elapsed="0.037601"/>
</kw>
<status status="PASS" start="2025-10-23T10:43:03.744973" elapsed="2.103882"/>
</suite>
<statistics>
<total>
<stat pass="1" fail="0" skip="0">All Tests</stat>
</total>
<tag>
</tag>
<suite>
<stat pass="1" fail="0" skip="0" id="s1" name="Tests">Tests</stat>
<stat pass="1" fail="0" skip="0" id="s1-s1" name="Api">Tests.Api</stat>
<stat pass="1" fail="0" skip="0" id="s1-s1-s1" name="Echo">Tests.Api.Echo</stat>
</suite>
</statistics>
<errors>
</errors>
</robot>
